#
# A fatal error has been detected by the Java Runtime Environment:
#
#  SIGSEGV (0xb) at pc=0x00007febfb22f009, pid=8297, tid=8298
#
# JRE version: OpenJDK Runtime Environment (9.0) (build 9-internal+0-2016-04-14-195246.buildd.src)
# Java VM: OpenJDK 64-Bit Server VM (9-internal+0-2016-04-14-195246.buildd.src, mixed mode, tiered, compressed oops, g1 gc, linux-amd64)
# Problematic frame:
# C  [libjava.so+0x1d009]  JNU_GetEnv+0x19
#
# No core dump will be written. Core dumps have been disabled. To enable core dumping, try "ulimit -c unlimited" before starting Java again
#
# If you would like to submit a bug report, please visit:
#   http://bugreport.java.com/bugreport/crash.jsp
# The crash happened outside the Java Virtual Machine in native code.
# See problematic frame for where to report the bug.
#

---------------  S U M M A R Y ------------

Command Line: zad

Host: Intel(R) Core(TM) i3-3110M CPU @ 2.40GHz, 4 cores, 7G, Linux Mint 18.1 Serena
Time: Wed Apr 19 21:46:08 2017 CEST elapsed time: 0 seconds (0d 0h 0m 0s)

---------------  T H R E A D  ---------------

Current thread (0x00007febf4011000):  JavaThread "main" [_thread_in_native, id=8298, stack(0x00007febfdf84000,0x00007febfe085000)]

Stack: [0x00007febfdf84000,0x00007febfe085000],  sp=0x00007febfe081fa0,  free space=1015k
Native frames: (J=compiled Java code, j=interpreted, Vv=VM code, C=native code)
C  [libjava.so+0x1d009]  JNU_GetEnv+0x19
C  [libfontmanager.so+0x33f8e]
C  [libfreetype.so.6+0x14d1b]  FT_Stream_Seek+0x1b

Java frames: (J=compiled Java code, j=interpreted, Vv=VM code)
j  sun.font.FreetypeFontScaler.initNativeScaler(Lsun/font/Font2D;IIZI)J+0 java.desktop@9-internal
j  sun.font.FreetypeFontScaler.<init>(Lsun/font/Font2D;IZI)V+26 java.desktop@9-internal
v  ~StubRoutines::call_stub
j  sun.reflect.NativeConstructorAccessorImpl.newInstance0(Ljava/lang/reflect/Constructor;[Ljava/lang/Object;)Ljava/lang/Object;+0 java.base@9-internal
j  sun.reflect.NativeConstructorAccessorImpl.newInstance([Ljava/lang/Object;)Ljava/lang/Object;+85 java.base@9-internal
j  sun.reflect.DelegatingConstructorAccessorImpl.newInstance([Ljava/lang/Object;)Ljava/lang/Object;+5 java.base@9-internal
j  java.lang.reflect.Constructor.newInstance([Ljava/lang/Object;)Ljava/lang/Object;+65 java.base@9-internal
j  sun.font.FontScaler.getScaler(Lsun/font/Font2D;IZI)Lsun/font/FontScaler;+39 java.desktop@9-internal
j  sun.font.TrueTypeFont.getScaler()Lsun/font/FontScaler;+21 java.desktop@9-internal
j  sun.font.FileFontStrike.<init>(Lsun/font/FileFont;Lsun/font/FontStrikeDesc;)V+204 java.desktop@9-internal
j  sun.font.FileFont.createStrike(Lsun/font/FontStrikeDesc;)Lsun/font/FontStrike;+18 java.desktop@9-internal
j  sun.font.Font2D.getStrike(Lsun/font/FontStrikeDesc;Z)Lsun/font/FontStrike;+92 java.desktop@9-internal
j  sun.font.Font2D.getStrike(Lsun/font/FontStrikeDesc;)Lsun/font/FontStrike;+3 java.desktop@9-internal
j  sun.font.CompositeStrike.getStrikeForSlot(I)Lsun/font/PhysicalStrike;+23 java.desktop@9-internal
j  sun.font.CompositeStrike.getFontMetrics()Lsun/font/StrikeMetrics;+31 java.desktop@9-internal
j  sun.font.FontDesignMetrics.initMatrixAndMetrics()V+28 java.desktop@9-internal
j  sun.font.FontDesignMetrics.<init>(Ljava/awt/Font;Ljava/awt/font/FontRenderContext;)V+62 java.desktop@9-internal
j  sun.font.FontDesignMetrics.getMetrics(Ljava/awt/Font;Ljava/awt/font/FontRenderContext;)Lsun/font/FontDesignMetrics;+128 java.desktop@9-internal
j  sun.swing.SwingUtilities2.getFontMetrics(Ljavax/swing/JComponent;Ljava/awt/Font;)Ljava/awt/FontMetrics;+15 java.desktop@9-internal
j  javax.swing.JComponent.getFontMetrics(Ljava/awt/Font;)Ljava/awt/FontMetrics;+2 java.desktop@9-internal
j  javax.swing.plaf.basic.BasicGraphicsUtils.getPreferredButtonSize(Ljavax/swing/AbstractButton;I)Ljava/awt/Dimension;+28 java.desktop@9-internal
j  javax.swing.plaf.basic.BasicButtonUI.getPreferredSize(Ljavax/swing/JComponent;)Ljava/awt/Dimension;+10 java.desktop@9-internal
j  javax.swing.JComponent.getPreferredSize()Ljava/awt/Dimension;+26 java.desktop@9-internal
j  java.awt.GridLayout.preferredLayoutSize(Ljava/awt/Container;)Ljava/awt/Dimension;+88 java.desktop@9-internal
j  java.awt.Container.preferredSize()Ljava/awt/Dimension;+43 java.desktop@9-internal
j  java.awt.Container.getPreferredSize()Ljava/awt/Dimension;+1 java.desktop@9-internal
j  javax.swing.JComponent.getPreferredSize()Ljava/awt/Dimension;+39 java.desktop@9-internal
j  javax.swing.JRootPane$RootLayout.preferredLayoutSize(Ljava/awt/Container;)Ljava/awt/Dimension;+26 java.desktop@9-internal
j  java.awt.Container.preferredSize()Ljava/awt/Dimension;+43 java.desktop@9-internal
j  java.awt.Container.getPreferredSize()Ljava/awt/Dimension;+1 java.desktop@9-internal
j  javax.swing.JComponent.getPreferredSize()Ljava/awt/Dimension;+39 java.desktop@9-internal
j  java.awt.BorderLayout.preferredLayoutSize(Ljava/awt/Container;)Ljava/awt/Dimension;+157 java.desktop@9-internal
j  java.awt.Container.preferredSize()Ljava/awt/Dimension;+43 java.desktop@9-internal
j  java.awt.Container.getPreferredSize()Ljava/awt/Dimension;+1 java.desktop@9-internal
j  java.awt.Window.pack()V+32 java.desktop@9-internal
j  GuiTest.mkWin()V+59
j  zad.main([Ljava/lang/String;)V+76
v  ~StubRoutines::call_stub

siginfo: si_signo: 11 (SIGSEGV), si_code: 1 (SEGV_MAPERR), si_addr: 0x0000000000000000

Register to memory mapping:

RAX=0x0000000000000000 is an unknown value
RBX=0x0000000000000000 is an unknown value
RCX=0x0000000000000000 is an unknown value
RDX=0x0000000000010002 is an unknown value
RSP=0x00007febfe081fa0 is pointing into the stack for thread: 0x00007febf4011000
RBP=0x00007febfe081fb0 is pointing into the stack for thread: 0x00007febf4011000
RSI=0x0000000000010002 is an unknown value
RDI=0x0000000000000000 is an unknown value
R8 =0x0000000000000000 is an unknown value
R9 =0x0000000000000000 is an unknown value
R10=0x00000000000001db is an unknown value
R11=0x00007febfb22eff0: JNU_GetEnv+0x0000000000000000 in /usr/lib/jvm/java-9-openjdk-amd64/lib/amd64/libjava.so at 0x00007febfb212000
R12=0x00007febf43f6750 is an unknown value
R13=0x0000000000000000 is an unknown value
R14=0x0000000000000000 is an unknown value
R15=0x00007febf43f67b0 is an unknown value


Registers:
RAX=0x0000000000000000, RBX=0x0000000000000000, RCX=0x0000000000000000, RDX=0x0000000000010002
RSP=0x00007febfe081fa0, RBP=0x00007febfe081fb0, RSI=0x0000000000010002, RDI=0x0000000000000000
R8 =0x0000000000000000, R9 =0x0000000000000000, R10=0x00000000000001db, R11=0x00007febfb22eff0
R12=0x00007febf43f6750, R13=0x0000000000000000, R14=0x0000000000000000, R15=0x00007febf43f67b0
RIP=0x00007febfb22f009, EFLAGS=0x0000000000010246, CSGSFS=0x0000000000000033, ERR=0x0000000000000004
  TRAPNO=0x000000000000000e

Top of Stack: (sp=0x00007febfe081fa0)
0x00007febfe081fa0:   0000000000000000 344f7c79a2629600
0x00007febfe081fb0:   00007febfe081ff0 00007febac3a4f8e
0x00007febfe081fc0:   00007febf43f5b80 00007febf43f6750
0x00007febfe081fd0:   0000000000000000 0000000000000000
0x00007febfe081fe0:   00007febf43f6750 00007febf43f67b0
0x00007febfe081ff0:   0000000000000000 00007febac0dbd1b
0x00007febfe082000:   0000000000000000 00007febac36dd80
0x00007febfe082010:   0000000000000000 00007febac0ef8d0
0x00007febfe082020:   0000000000000002 0000003200000008
0x00007febfe082030:   0000000000000000 0000000000000000
0x00007febfe082040:   0000006e0000005b 0000000000000000
0x00007febfe082050:   0000000000000000 0000007c00000077
0x00007febfe082060:   0202020202020202 0202020202020202
0x00007febfe082070:   0000000000000000 0000000000000000
0x00007febfe082080:   0101010101010101 00007febf4000020
0x00007febfe082090:   0000000000000070 00007febfe082144
0x00007febfe0820a0:   00007febf43f5b80 00007febf43f67b0
0x00007febfe0820b0:   00007febfe082144 00007febfd93c5d4
0x00007febfe0820c0:   00007febfc8b4f00 00007febfe0820f4
0x00007febfe0820d0:   00007febac36a9e0 344f7c79a2629600
0x00007febfe0820e0:   0000000000000070 00007febf43edab0
0x00007febfe0820f0:   00007febac36a9e0 00007febfe082208
0x00007febfe082100:   00007febf43f5b80 00007febf43f67b0
0x00007febfe082110:   00007febf43f6ce0 00007febac0de4b2
0x00007febfe082120:   0000000100000000 00007febfe082210
0x00007febfe082130:   0000000000000000 0000000000000000
0x00007febfe082140:   00000000fe082208 344f7c79a2629600
0x00007febfe082150:   00007febf43edab0 00007febfe082210
0x00007febfe082160:   0000000000000000 00007febf43f5aa8
0x00007febfe082170:   00007febfe082410 00007febf43f5a08
0x00007febfe082180:   00007febf43f5b80 00007febac0e0571
0x00007febfe082190:   00007febfe082210 00007febac0e0366 

Instructions: (pc=0x00007febfb22f009)
0x00007febfb22efe9:   ff eb ea 0f 1f 40 00 55 89 f2 48 89 e5 48 83 ec
0x00007febfb22eff9:   10 64 48 8b 04 25 28 00 00 00 48 89 45 f8 31 c0
0x00007febfb22f009:   48 8b 07 48 8d 75 f0 ff 50 30 48 8b 4d f8 64 48
0x00007febfb22f019:   33 0c 25 28 00 00 00 48 8b 45 f0 75 02 c9 c3 e8 


---------------  P R O C E S S  ---------------

Java Threads: ( => current thread )
  0x00007febf43cb800 JavaThread "AWT-Shutdown" [_thread_blocked, id=8329, stack(0x00007feb7b4c8000,0x00007feb7b5c9000)]
  0x00007febf437c800 JavaThread "AWT-XAWT" daemon [_thread_in_native, id=8323, stack(0x00007feb7b7c9000,0x00007feb7b8ca000)]
  0x00007febf4357800 JavaThread "Java2D Disposer" daemon [_thread_blocked, id=8322, stack(0x00007feb7bcda000,0x00007feb7bddb000)]
  0x00007febf428d000 JavaThread "Service Thread" daemon [_thread_blocked, id=8320, stack(0x00007febb419f000,0x00007febb42a0000)]
  0x00007febf419f000 JavaThread "Common-Cleaner" daemon [_thread_blocked, id=8319, stack(0x00007febdc0c8000,0x00007febdc1c9000)]
  0x00007febf4167800 JavaThread "Sweeper thread" daemon [_thread_blocked, id=8318, stack(0x00007febdc5f3000,0x00007febdc6f4000)]
  0x00007febf4165800 JavaThread "C1 CompilerThread2" daemon [_thread_blocked, id=8317, stack(0x00007febdc6f4000,0x00007febdc7f5000)]
  0x00007febf4163800 JavaThread "C2 CompilerThread1" daemon [_thread_in_native, id=8316, stack(0x00007febdc7f5000,0x00007febdc8f6000)]
  0x00007febf4162000 JavaThread "C2 CompilerThread0" daemon [_thread_in_native, id=8315, stack(0x00007febdc8f6000,0x00007febdc9f7000)]
  0x00007febf415d800 JavaThread "Signal Dispatcher" daemon [_thread_blocked, id=8314, stack(0x00007febdc9f7000,0x00007febdcaf8000)]
  0x00007febf415b800 JavaThread "Surrogate Locker Thread (Concurrent GC)" daemon [_thread_blocked, id=8313, stack(0x00007febdcaf8000,0x00007febdcbf9000)]
  0x00007febf4149000 JavaThread "Finalizer" daemon [_thread_blocked, id=8312, stack(0x00007febdd002000,0x00007febdd103000)]
  0x00007febf4145000 JavaThread "Reference Handler" daemon [_thread_blocked, id=8311, stack(0x00007febdd103000,0x00007febdd204000)]
=>0x00007febf4011000 JavaThread "main" [_thread_in_native, id=8298, stack(0x00007febfdf84000,0x00007febfe085000)]

Other Threads:
  0x00007febf413b000 VMThread [stack: 0x00007febdd204000,0x00007febdd305000] [id=8310]
  0x00007febf4290000 WatcherThread [stack: 0x00007febb409e000,0x00007febb419f000] [id=8321]

Threads with active compile tasks:
C2 CompilerThread1 525       4       java.lang.AbstractStringBuilder::append (45 bytes)
C2 CompilerThread0 526       4       java.util.HashMap::putVal (300 bytes)

VM state:not at safepoint (normal execution)

VM Mutex/Monitor currently owned by a thread: None

heap address: 0x0000000085400000, size: 1964 MB, Compressed Oops mode: 32-bit
Narrow klass base: 0x0000000000000000, Narrow klass shift: 3
Compressed class space size: 1073741824 Address: 0x0000000100000000

Heap:
 garbage-first heap   total 126976K, used 5120K [0x0000000085400000, 0x00000000855003e0, 0x0000000100000000)
  region size 1024K, 6 young (6144K), 0 survivors (0K)
 Metaspace       used 10415K, capacity 10790K, committed 11136K, reserved 1058816K
  class space    used 1151K, capacity 1303K, committed 1408K, reserved 1048576K

Heap Regions: E=young(eden), S=young(survivor), O=old, HS=humongous(starts), HC=humongous(continues), CS=collection set, F=free, A=archive, TS=gc time stamp, AC=allocation context, TAMS=top-at-mark-start (previous, next)
|   0|0x0000000085400000, 0x0000000085400000, 0x0000000085500000|  0%| F|  |TS  0|AC  0|TAMS 0x0000000085400000, 0x0000000085400000|
|   1|0x0000000085500000, 0x0000000085500000, 0x0000000085600000|  0%| F|  |TS  0|AC  0|TAMS 0x0000000085500000, 0x0000000085500000|
|   2|0x0000000085600000, 0x0000000085600000, 0x0000000085700000|  0%| F|  |TS  0|AC  0|TAMS 0x0000000085600000, 0x0000000085600000|
|   3|0x0000000085700000, 0x0000000085700000, 0x0000000085800000|  0%| F|  |TS  0|AC  0|TAMS 0x0000000085700000, 0x0000000085700000|
|   4|0x0000000085800000, 0x0000000085800000, 0x0000000085900000|  0%| F|  |TS  0|AC  0|TAMS 0x0000000085800000, 0x0000000085800000|
|   5|0x0000000085900000, 0x0000000085900000, 0x0000000085a00000|  0%| F|  |TS  0|AC  0|TAMS 0x0000000085900000, 0x0000000085900000|
|   6|0x0000000085a00000, 0x0000000085a00000, 0x0000000085b00000|  0%| F|  |TS  0|AC  0|TAMS 0x0000000085a00000, 0x0000000085a00000|
|   7|0x0000000085b00000, 0x0000000085b00000, 0x0000000085c00000|  0%| F|  |TS  0|AC  0|TAMS 0x0000000085b00000, 0x0000000085b00000|
|   8|0x0000000085c00000, 0x0000000085c00000, 0x0000000085d00000|  0%| F|  |TS  0|AC  0|TAMS 0x0000000085c00000, 0x0000000085c00000|
|   9|0x0000000085d00000, 0x0000000085d00000, 0x0000000085e00000|  0%| F|  |TS  0|AC  0|TAMS 0x0000000085d00000, 0x0000000085d00000|
|  10|0x0000000085e00000, 0x0000000085e00000, 0x0000000085f00000|  0%| F|  |TS  0|AC  0|TAMS 0x0000000085e00000, 0x0000000085e00000|
|  11|0x0000000085f00000, 0x0000000085f00000, 0x0000000086000000|  0%| F|  |TS  0|AC  0|TAMS 0x0000000085f00000, 0x0000000085f00000|
|  12|0x0000000086000000, 0x0000000086000000, 0x0000000086100000|  0%| F|  |TS  0|AC  0|TAMS 0x0000000086000000, 0x0000000086000000|
|  13|0x0000000086100000, 0x0000000086100000, 0x0000000086200000|  0%| F|  |TS  0|AC  0|TAMS 0x0000000086100000, 0x0000000086100000|
|  14|0x0000000086200000, 0x0000000086200000, 0x0000000086300000|  0%| F|  |TS  0|AC  0|TAMS 0x0000000086200000, 0x0000000086200000|
|  15|0x0000000086300000, 0x0000000086300000, 0x0000000086400000|  0%| F|  |TS  0|AC  0|TAMS 0x0000000086300000, 0x0000000086300000|
|  16|0x0000000086400000, 0x0000000086400000, 0x0000000086500000|  0%| F|  |TS  0|AC  0|TAMS 0x0000000086400000, 0x0000000086400000|
|  17|0x0000000086500000, 0x0000000086500000, 0x0000000086600000|  0%| F|  |TS  0|AC  0|TAMS 0x0000000086500000, 0x0000000086500000|
|  18|0x0000000086600000, 0x0000000086600000, 0x0000000086700000|  0%| F|  |TS  0|AC  0|TAMS 0x0000000086600000, 0x0000000086600000|
|  19|0x0000000086700000, 0x0000000086700000, 0x0000000086800000|  0%| F|  |TS  0|AC  0|TAMS 0x0000000086700000, 0x0000000086700000|
|  20|0x0000000086800000, 0x0000000086800000, 0x0000000086900000|  0%| F|  |TS  0|AC  0|TAMS 0x0000000086800000, 0x0000000086800000|
|  21|0x0000000086900000, 0x0000000086900000, 0x0000000086a00000|  0%| F|  |TS  0|AC  0|TAMS 0x0000000086900000, 0x0000000086900000|
|  22|0x0000000086a00000, 0x0000000086a00000, 0x0000000086b00000|  0%| F|  |TS  0|AC  0|TAMS 0x0000000086a00000, 0x0000000086a00000|
|  23|0x0000000086b00000, 0x0000000086b00000, 0x0000000086c00000|  0%| F|  |TS  0|AC  0|TAMS 0x0000000086b00000, 0x0000000086b00000|
|  24|0x0000000086c00000, 0x0000000086c00000, 0x0000000086d00000|  0%| F|  |TS  0|AC  0|TAMS 0x0000000086c00000, 0x0000000086c00000|
|  25|0x0000000086d00000, 0x0000000086d00000, 0x0000000086e00000|  0%| F|  |TS  0|AC  0|TAMS 0x0000000086d00000, 0x0000000086d00000|
|  26|0x0000000086e00000, 0x0000000086e00000, 0x0000000086f00000|  0%| F|  |TS  0|AC  0|TAMS 0x0000000086e00000, 0x0000000086e00000|
|  27|0x0000000086f00000, 0x0000000086f00000, 0x0000000087000000|  0%| F|  |TS  0|AC  0|TAMS 0x0000000086f00000, 0x0000000086f00000|
|  28|0x0000000087000000, 0x0000000087000000, 0x0000000087100000|  0%| F|  |TS  0|AC  0|TAMS 0x0000000087000000, 0x0000000087000000|
|  29|0x0000000087100000, 0x0000000087100000, 0x0000000087200000|  0%| F|  |TS  0|AC  0|TAMS 0x0000000087100000, 0x0000000087100000|
|  30|0x0000000087200000, 0x0000000087200000, 0x0000000087300000|  0%| F|  |TS  0|AC  0|TAMS 0x0000000087200000, 0x0000000087200000|
|  31|0x0000000087300000, 0x0000000087300000, 0x0000000087400000|  0%| F|  |TS  0|AC  0|TAMS 0x0000000087300000, 0x0000000087300000|
|  32|0x0000000087400000, 0x0000000087400000, 0x0000000087500000|  0%| F|  |TS  0|AC  0|TAMS 0x0000000087400000, 0x0000000087400000|
|  33|0x0000000087500000, 0x0000000087500000, 0x0000000087600000|  0%| F|  |TS  0|AC  0|TAMS 0x0000000087500000, 0x0000000087500000|
|  34|0x0000000087600000, 0x0000000087600000, 0x0000000087700000|  0%| F|  |TS  0|AC  0|TAMS 0x0000000087600000, 0x0000000087600000|
|  35|0x0000000087700000, 0x0000000087700000, 0x0000000087800000|  0%| F|  |TS  0|AC  0|TAMS 0x0000000087700000, 0x0000000087700000|
|  36|0x0000000087800000, 0x0000000087800000, 0x0000000087900000|  0%| F|  |TS  0|AC  0|TAMS 0x0000000087800000, 0x0000000087800000|
|  37|0x0000000087900000, 0x0000000087900000, 0x0000000087a00000|  0%| F|  |TS  0|AC  0|TAMS 0x0000000087900000, 0x0000000087900000|
|  38|0x0000000087a00000, 0x0000000087a00000, 0x0000000087b00000|  0%| F|  |TS  0|AC  0|TAMS 0x0000000087a00000, 0x0000000087a00000|
|  39|0x0000000087b00000, 0x0000000087b00000, 0x0000000087c00000|  0%| F|  |TS  0|AC  0|TAMS 0x0000000087b00000, 0x0000000087b00000|
|  40|0x0000000087c00000, 0x0000000087c00000, 0x0000000087d00000|  0%| F|  |TS  0|AC  0|TAMS 0x0000000087c00000, 0x0000000087c00000|
|  41|0x0000000087d00000, 0x0000000087d00000, 0x0000000087e00000|  0%| F|  |TS  0|AC  0|TAMS 0x0000000087d00000, 0x0000000087d00000|
|  42|0x0000000087e00000, 0x0000000087e00000, 0x0000000087f00000|  0%| F|  |TS  0|AC  0|TAMS 0x0000000087e00000, 0x0000000087e00000|
|  43|0x0000000087f00000, 0x0000000087f00000, 0x0000000088000000|  0%| F|  |TS  0|AC  0|TAMS 0x0000000087f00000, 0x0000000087f00000|
|  44|0x0000000088000000, 0x0000000088000000, 0x0000000088100000|  0%| F|  |TS  0|AC  0|TAMS 0x0000000088000000, 0x0000000088000000|
|  45|0x0000000088100000, 0x0000000088100000, 0x0000000088200000|  0%| F|  |TS  0|AC  0|TAMS 0x0000000088100000, 0x0000000088100000|
|  46|0x0000000088200000, 0x0000000088200000, 0x0000000088300000|  0%| F|  |TS  0|AC  0|TAMS 0x0000000088200000, 0x0000000088200000|
|  47|0x0000000088300000, 0x0000000088300000, 0x0000000088400000|  0%| F|  |TS  0|AC  0|TAMS 0x0000000088300000, 0x0000000088300000|
|  48|0x0000000088400000, 0x0000000088400000, 0x0000000088500000|  0%| F|  |TS  0|AC  0|TAMS 0x0000000088400000, 0x0000000088400000|
|  49|0x0000000088500000, 0x0000000088500000, 0x0000000088600000|  0%| F|  |TS  0|AC  0|TAMS 0x0000000088500000, 0x0000000088500000|
|  50|0x0000000088600000, 0x0000000088600000, 0x0000000088700000|  0%| F|  |TS  0|AC  0|TAMS 0x0000000088600000, 0x0000000088600000|
|  51|0x0000000088700000, 0x0000000088700000, 0x0000000088800000|  0%| F|  |TS  0|AC  0|TAMS 0x0000000088700000, 0x0000000088700000|
|  52|0x0000000088800000, 0x0000000088800000, 0x0000000088900000|  0%| F|  |TS  0|AC  0|TAMS 0x0000000088800000, 0x0000000088800000|
|  53|0x0000000088900000, 0x0000000088900000, 0x0000000088a00000|  0%| F|  |TS  0|AC  0|TAMS 0x0000000088900000, 0x0000000088900000|
|  54|0x0000000088a00000, 0x0000000088a00000, 0x0000000088b00000|  0%| F|  |TS  0|AC  0|TAMS 0x0000000088a00000, 0x0000000088a00000|
|  55|0x0000000088b00000, 0x0000000088b00000, 0x0000000088c00000|  0%| F|  |TS  0|AC  0|TAMS 0x0000000088b00000, 0x0000000088b00000|
|  56|0x0000000088c00000, 0x0000000088c00000, 0x0000000088d00000|  0%| F|  |TS  0|AC  0|TAMS 0x0000000088c00000, 0x0000000088c00000|
|  57|0x0000000088d00000, 0x0000000088d00000, 0x0000000088e00000|  0%| F|  |TS  0|AC  0|TAMS 0x0000000088d00000, 0x0000000088d00000|
|  58|0x0000000088e00000, 0x0000000088e00000, 0x0000000088f00000|  0%| F|  |TS  0|AC  0|TAMS 0x0000000088e00000, 0x0000000088e00000|
|  59|0x0000000088f00000, 0x0000000088f00000, 0x0000000089000000|  0%| F|  |TS  0|AC  0|TAMS 0x0000000088f00000, 0x0000000088f00000|
|  60|0x0000000089000000, 0x0000000089000000, 0x0000000089100000|  0%| F|  |TS  0|AC  0|TAMS 0x0000000089000000, 0x0000000089000000|
|  61|0x0000000089100000, 0x0000000089100000, 0x0000000089200000|  0%| F|  |TS  0|AC  0|TAMS 0x0000000089100000, 0x0000000089100000|
|  62|0x0000000089200000, 0x0000000089200000, 0x0000000089300000|  0%| F|  |TS  0|AC  0|TAMS 0x0000000089200000, 0x0000000089200000|
|  63|0x0000000089300000, 0x0000000089300000, 0x0000000089400000|  0%| F|  |TS  0|AC  0|TAMS 0x0000000089300000, 0x0000000089300000|
|  64|0x0000000089400000, 0x0000000089400000, 0x0000000089500000|  0%| F|  |TS  0|AC  0|TAMS 0x0000000089400000, 0x0000000089400000|
|  65|0x0000000089500000, 0x0000000089500000, 0x0000000089600000|  0%| F|  |TS  0|AC  0|TAMS 0x0000000089500000, 0x0000000089500000|
|  66|0x0000000089600000, 0x0000000089600000, 0x0000000089700000|  0%| F|  |TS  0|AC  0|TAMS 0x0000000089600000, 0x0000000089600000|
|  67|0x0000000089700000, 0x0000000089700000, 0x0000000089800000|  0%| F|  |TS  0|AC  0|TAMS 0x0000000089700000, 0x0000000089700000|
|  68|0x0000000089800000, 0x0000000089800000, 0x0000000089900000|  0%| F|  |TS  0|AC  0|TAMS 0x0000000089800000, 0x0000000089800000|
|  69|0x0000000089900000, 0x0000000089900000, 0x0000000089a00000|  0%| F|  |TS  0|AC  0|TAMS 0x0000000089900000, 0x0000000089900000|
|  70|0x0000000089a00000, 0x0000000089a00000, 0x0000000089b00000|  0%| F|  |TS  0|AC  0|TAMS 0x0000000089a00000, 0x0000000089a00000|
|  71|0x0000000089b00000, 0x0000000089b00000, 0x0000000089c00000|  0%| F|  |TS  0|AC  0|TAMS 0x0000000089b00000, 0x0000000089b00000|
|  72|0x0000000089c00000, 0x0000000089c00000, 0x0000000089d00000|  0%| F|  |TS  0|AC  0|TAMS 0x0000000089c00000, 0x0000000089c00000|
|  73|0x0000000089d00000, 0x0000000089d00000, 0x0000000089e00000|  0%| F|  |TS  0|AC  0|TAMS 0x0000000089d00000, 0x0000000089d00000|
|  74|0x0000000089e00000, 0x0000000089e00000, 0x0000000089f00000|  0%| F|  |TS  0|AC  0|TAMS 0x0000000089e00000, 0x0000000089e00000|
|  75|0x0000000089f00000, 0x0000000089f00000, 0x000000008a000000|  0%| F|  |TS  0|AC  0|TAMS 0x0000000089f00000, 0x0000000089f00000|
|  76|0x000000008a000000, 0x000000008a000000, 0x000000008a100000|  0%| F|  |TS  0|AC  0|TAMS 0x000000008a000000, 0x000000008a000000|
|  77|0x000000008a100000, 0x000000008a100000, 0x000000008a200000|  0%| F|  |TS  0|AC  0|TAMS 0x000000008a100000, 0x000000008a100000|
|  78|0x000000008a200000, 0x000000008a200000, 0x000000008a300000|  0%| F|  |TS  0|AC  0|TAMS 0x000000008a200000, 0x000000008a200000|
|  79|0x000000008a300000, 0x000000008a300000, 0x000000008a400000|  0%| F|  |TS  0|AC  0|TAMS 0x000000008a300000, 0x000000008a300000|
|  80|0x000000008a400000, 0x000000008a400000, 0x000000008a500000|  0%| F|  |TS  0|AC  0|TAMS 0x000000008a400000, 0x000000008a400000|
|  81|0x000000008a500000, 0x000000008a500000, 0x000000008a600000|  0%| F|  |TS  0|AC  0|TAMS 0x000000008a500000, 0x000000008a500000|
|  82|0x000000008a600000, 0x000000008a600000, 0x000000008a700000|  0%| F|  |TS  0|AC  0|TAMS 0x000000008a600000, 0x000000008a600000|
|  83|0x000000008a700000, 0x000000008a700000, 0x000000008a800000|  0%| F|  |TS  0|AC  0|TAMS 0x000000008a700000, 0x000000008a700000|
|  84|0x000000008a800000, 0x000000008a800000, 0x000000008a900000|  0%| F|  |TS  0|AC  0|TAMS 0x000000008a800000, 0x000000008a800000|
|  85|0x000000008a900000, 0x000000008a900000, 0x000000008aa00000|  0%| F|  |TS  0|AC  0|TAMS 0x000000008a900000, 0x000000008a900000|
|  86|0x000000008aa00000, 0x000000008aa00000, 0x000000008ab00000|  0%| F|  |TS  0|AC  0|TAMS 0x000000008aa00000, 0x000000008aa00000|
|  87|0x000000008ab00000, 0x000000008ab00000, 0x000000008ac00000|  0%| F|  |TS  0|AC  0|TAMS 0x000000008ab00000, 0x000000008ab00000|
|  88|0x000000008ac00000, 0x000000008ac00000, 0x000000008ad00000|  0%| F|  |TS  0|AC  0|TAMS 0x000000008ac00000, 0x000000008ac00000|
|  89|0x000000008ad00000, 0x000000008ad00000, 0x000000008ae00000|  0%| F|  |TS  0|AC  0|TAMS 0x000000008ad00000, 0x000000008ad00000|
|  90|0x000000008ae00000, 0x000000008ae00000, 0x000000008af00000|  0%| F|  |TS  0|AC  0|TAMS 0x000000008ae00000, 0x000000008ae00000|
|  91|0x000000008af00000, 0x000000008af00000, 0x000000008b000000|  0%| F|  |TS  0|AC  0|TAMS 0x000000008af00000, 0x000000008af00000|
|  92|0x000000008b000000, 0x000000008b000000, 0x000000008b100000|  0%| F|  |TS  0|AC  0|TAMS 0x000000008b000000, 0x000000008b000000|
|  93|0x000000008b100000, 0x000000008b100000, 0x000000008b200000|  0%| F|  |TS  0|AC  0|TAMS 0x000000008b100000, 0x000000008b100000|
|  94|0x000000008b200000, 0x000000008b200000, 0x000000008b300000|  0%| F|  |TS  0|AC  0|TAMS 0x000000008b200000, 0x000000008b200000|
|  95|0x000000008b300000, 0x000000008b300000, 0x000000008b400000|  0%| F|  |TS  0|AC  0|TAMS 0x000000008b300000, 0x000000008b300000|
|  96|0x000000008b400000, 0x000000008b400000, 0x000000008b500000|  0%| F|  |TS  0|AC  0|TAMS 0x000000008b400000, 0x000000008b400000|
|  97|0x000000008b500000, 0x000000008b500000, 0x000000008b600000|  0%| F|  |TS  0|AC  0|TAMS 0x000000008b500000, 0x000000008b500000|
|  98|0x000000008b600000, 0x000000008b600000, 0x000000008b700000|  0%| F|  |TS  0|AC  0|TAMS 0x000000008b600000, 0x000000008b600000|
|  99|0x000000008b700000, 0x000000008b700000, 0x000000008b800000|  0%| F|  |TS  0|AC  0|TAMS 0x000000008b700000, 0x000000008b700000|
| 100|0x000000008b800000, 0x000000008b800000, 0x000000008b900000|  0%| F|  |TS  0|AC  0|TAMS 0x000000008b800000, 0x000000008b800000|
| 101|0x000000008b900000, 0x000000008b900000, 0x000000008ba00000|  0%| F|  |TS  0|AC  0|TAMS 0x000000008b900000, 0x000000008b900000|
| 102|0x000000008ba00000, 0x000000008ba00000, 0x000000008bb00000|  0%| F|  |TS  0|AC  0|TAMS 0x000000008ba00000, 0x000000008ba00000|
| 103|0x000000008bb00000, 0x000000008bb00000, 0x000000008bc00000|  0%| F|  |TS  0|AC  0|TAMS 0x000000008bb00000, 0x000000008bb00000|
| 104|0x000000008bc00000, 0x000000008bc00000, 0x000000008bd00000|  0%| F|  |TS  0|AC  0|TAMS 0x000000008bc00000, 0x000000008bc00000|
| 105|0x000000008bd00000, 0x000000008bd00000, 0x000000008be00000|  0%| F|  |TS  0|AC  0|TAMS 0x000000008bd00000, 0x000000008bd00000|
| 106|0x000000008be00000, 0x000000008be00000, 0x000000008bf00000|  0%| F|  |TS  0|AC  0|TAMS 0x000000008be00000, 0x000000008be00000|
| 107|0x000000008bf00000, 0x000000008bf00000, 0x000000008c000000|  0%| F|  |TS  0|AC  0|TAMS 0x000000008bf00000, 0x000000008bf00000|
| 108|0x000000008c000000, 0x000000008c000000, 0x000000008c100000|  0%| F|  |TS  0|AC  0|TAMS 0x000000008c000000, 0x000000008c000000|
| 109|0x000000008c100000, 0x000000008c100000, 0x000000008c200000|  0%| F|  |TS  0|AC  0|TAMS 0x000000008c100000, 0x000000008c100000|
| 110|0x000000008c200000, 0x000000008c200000, 0x000000008c300000|  0%| F|  |TS  0|AC  0|TAMS 0x000000008c200000, 0x000000008c200000|
| 111|0x000000008c300000, 0x000000008c300000, 0x000000008c400000|  0%| F|  |TS  0|AC  0|TAMS 0x000000008c300000, 0x000000008c300000|
| 112|0x000000008c400000, 0x000000008c400000, 0x000000008c500000|  0%| F|  |TS  0|AC  0|TAMS 0x000000008c400000, 0x000000008c400000|
| 113|0x000000008c500000, 0x000000008c500000, 0x000000008c600000|  0%| F|  |TS  0|AC  0|TAMS 0x000000008c500000, 0x000000008c500000|
| 114|0x000000008c600000, 0x000000008c600000, 0x000000008c700000|  0%| F|  |TS  0|AC  0|TAMS 0x000000008c600000, 0x000000008c600000|
| 115|0x000000008c700000, 0x000000008c700000, 0x000000008c800000|  0%| F|  |TS  0|AC  0|TAMS 0x000000008c700000, 0x000000008c700000|
| 116|0x000000008c800000, 0x000000008c800000, 0x000000008c900000|  0%| F|  |TS  0|AC  0|TAMS 0x000000008c800000, 0x000000008c800000|
| 117|0x000000008c900000, 0x000000008c900000, 0x000000008ca00000|  0%| F|  |TS  0|AC  0|TAMS 0x000000008c900000, 0x000000008c900000|
| 118|0x000000008ca00000, 0x000000008cafb800, 0x000000008cb00000| 98%| E|  |TS  0|AC  0|TAMS 0x000000008ca00000, 0x000000008ca00000|
| 119|0x000000008cb00000, 0x000000008cc00000, 0x000000008cc00000|100%| E|CS|TS  0|AC  0|TAMS 0x000000008cb00000, 0x000000008cb00000|
| 120|0x000000008cc00000, 0x000000008cd00000, 0x000000008cd00000|100%| E|CS|TS  0|AC  0|TAMS 0x000000008cc00000, 0x000000008cc00000|
| 121|0x000000008cd00000, 0x000000008ce00000, 0x000000008ce00000|100%| E|CS|TS  0|AC  0|TAMS 0x000000008cd00000, 0x000000008cd00000|
| 122|0x000000008ce00000, 0x000000008cf00000, 0x000000008cf00000|100%| E|CS|TS  0|AC  0|TAMS 0x000000008ce00000, 0x000000008ce00000|
| 123|0x000000008cf00000, 0x000000008d000000, 0x000000008d000000|100%| E|CS|TS  0|AC  0|TAMS 0x000000008cf00000, 0x000000008cf00000|

Card table byte_map: [0x00007febf8b5f000,0x00007febf8f35000] byte_map_base: 0x00007febf8735000

Marking Bits (Prev, Next): (CMBitMap*) 0x00007febf4060040, (CMBitMap*) 0x00007febf4060098
 Prev Bits: [0x00007febb6150000, 0x00007febb8000000)
 Next Bits: [0x00007febb42a0000, 0x00007febb6150000)

Polling page: 0x00007febfe0b3000

CodeHeap 'non-nmethods': size=5696Kb used=1256Kb max_used=1269Kb free=4439Kb
 bounds [0x00007febddc51000, 0x00007febddec1000, 0x00007febde1e1000]
CodeHeap 'profiled nmethods': size=120032Kb used=819Kb max_used=819Kb free=119213Kb
 bounds [0x00007febde1e1000, 0x00007febde451000, 0x00007febe5719000]
CodeHeap 'non-profiled nmethods': size=120032Kb used=173Kb max_used=173Kb free=119858Kb
 bounds [0x00007febe5719000, 0x00007febe5989000, 0x00007febecc51000]
 total_blobs=1176 nmethods=534 adapters=429
 compilation: enabled

Compilation events (10 events):
Event: 0,457 Thread 0x00007febf4165800  534       3       java.lang.invoke.MethodHandles::access$100 (4 bytes)
Event: 0,457 Thread 0x00007febf4165800 nmethod 534 0x00007febde2ad090 code [0x00007febde2ad200, 0x00007febde2ad330]
Event: 0,462 Thread 0x00007febf4163800 nmethod 509 0x00007febe5742610 code [0x00007febe57427c0, 0x00007febe5743388]
Event: 0,462 Thread 0x00007febf4163800  525       4       java.lang.AbstractStringBuilder::append (45 bytes)
Event: 0,463 Thread 0x00007febf4165800  535       3       java.nio.HeapByteBuffer::_get (7 bytes)
Event: 0,463 Thread 0x00007febf4165800 nmethod 535 0x00007febde2ad390 code [0x00007febde2ad500, 0x00007febde2ad670]
Event: 0,464 Thread 0x00007febf4165800  536       3       java.nio.Buffer::nextGetIndex (31 bytes)
Event: 0,465 Thread 0x00007febf4165800 nmethod 536 0x00007febde2ad790 code [0x00007febde2ad920, 0x00007febde2adb28]
Event: 0,465 Thread 0x00007febf4165800  537       1       java.nio.Buffer::position (5 bytes)
Event: 0,465 Thread 0x00007febf4165800 nmethod 537 0x00007febe5743810 code [0x00007febe5743980, 0x00007febe5743a90]

GC Heap History (0 events):
No events

Deoptimization events (10 events):
Event: 0,356 Thread 0x00007febf4011000 Uncommon trap: reason=unstable_fused_if action=reinterpret pc=0x00007febe57353f4 method=java.util.HashMap.resize()[Ljava/util/HashMap$Node; @ 31
Event: 0,365 Thread 0x00007febf4011000 Uncommon trap: reason=unstable_if action=reinterpret pc=0x00007febe5726b88 method=java.util.HashMap.hash(Ljava/lang/Object;)I @ 1
Event: 0,378 Thread 0x00007febf4011000 Uncommon trap: reason=class_check action=maybe_recompile pc=0x00007febe572312c method=java.util.HashMap.putVal(ILjava/lang/Object;Ljava/lang/Object;ZZ)Ljava/lang/Object; @ 253
Event: 0,380 Thread 0x00007febf4011000 Uncommon trap: reason=class_check action=maybe_recompile pc=0x00007febe572312c method=java.util.HashMap.putVal(ILjava/lang/Object;Ljava/lang/Object;ZZ)Ljava/lang/Object; @ 253
Event: 0,380 Thread 0x00007febf4011000 Uncommon trap: reason=class_check action=maybe_recompile pc=0x00007febe572312c method=java.util.HashMap.putVal(ILjava/lang/Object;Ljava/lang/Object;ZZ)Ljava/lang/Object; @ 253
Event: 0,383 Thread 0x00007febf4011000 Uncommon trap: reason=unstable_fused_if action=reinterpret pc=0x00007febe572f55c method=jdk.internal.org.objectweb.asm.ByteVector.putUTF8(Ljava/lang/String;)Ljdk/internal/org/objectweb/asm/ByteVector; @ 91
Event: 0,452 Thread 0x00007febf4011000 Uncommon trap: reason=bimorphic_or_optimized_type_check action=maybe_recompile pc=0x00007febe574000c method=java.util.HashMap.putVal(ILjava/lang/Object;Ljava/lang/Object;ZZ)Ljava/lang/Object; @ 91
Event: 0,452 Thread 0x00007febf4011000 Uncommon trap: reason=bimorphic_or_optimized_type_check action=maybe_recompile pc=0x00007febe574000c method=java.util.HashMap.putVal(ILjava/lang/Object;Ljava/lang/Object;ZZ)Ljava/lang/Object; @ 91
Event: 0,452 Thread 0x00007febf4011000 Uncommon trap: reason=bimorphic_or_optimized_type_check action=maybe_recompile pc=0x00007febe574000c method=java.util.HashMap.putVal(ILjava/lang/Object;Ljava/lang/Object;ZZ)Ljava/lang/Object; @ 91
Event: 0,452 Thread 0x00007febf4011000 Uncommon trap: reason=bimorphic_or_optimized_type_check action=maybe_recompile pc=0x00007febe574000c method=java.util.HashMap.putVal(ILjava/lang/Object;Ljava/lang/Object;ZZ)Ljava/lang/Object; @ 91

Classes redefined (0 events):
No events

Internal exceptions (7 events):
Event: 0,211 Thread 0x00007febf4011000 Exception <a 'java/lang/ClassNotFoundException': sun/awt/resources/awtProvider> (0x000000008cd8e700) thrown at [/build/openjdk-9-argm_o/openjdk-9-9~b114/src/hotspot/src/share/vm/classfile/systemDictionary.cpp, line 224]
Event: 0,221 Thread 0x00007febf4011000 Exception <a 'java/io/FileNotFoundException'> (0x000000008cdb4cd0) thrown at [/build/openjdk-9-argm_o/openjdk-9-9~b114/src/hotspot/src/share/vm/prims/jni.cpp, line 605]
Event: 0,222 Thread 0x00007febf4011000 Exception <a 'java/io/FileNotFoundException'> (0x000000008cdbcd10) thrown at [/build/openjdk-9-argm_o/openjdk-9-9~b114/src/hotspot/src/share/vm/prims/jni.cpp, line 605]
Event: 0,346 Thread 0x00007febf4011000 Exception <a 'java/lang/ClassNotFoundException': com/sun/swing/internal/plaf/metal/resources/metalProvider> (0x000000008cb7d4a0) thrown at [/build/openjdk-9-argm_o/openjdk-9-9~b114/src/hotspot/src/share/vm/classfile/systemDictionary.cpp, line 224]
Event: 0,347 Thread 0x00007febf4011000 Exception <a 'java/lang/ClassNotFoundException': com/sun/swing/internal/plaf/basic/resources/basicProvider> (0x000000008cb80b00) thrown at [/build/openjdk-9-argm_o/openjdk-9-9~b114/src/hotspot/src/share/vm/classfile/systemDictionary.cpp, line 224]
Event: 0,355 Thread 0x00007febf4011000 Implicit null exception at 0x00007febe572143e to 0x00007febe57220fd
Event: 0,365 Thread 0x00007febf4011000 Implicit null exception at 0x00007febe5726b0f to 0x00007febe5726b79

Events (10 events):
Event: 0,464 loading class sun/nio/cs/UTF_16$Decoder
Event: 0,464 loading class sun/nio/cs/UnicodeDecoder
Event: 0,465 loading class sun/nio/cs/UnicodeDecoder done
Event: 0,465 loading class sun/nio/cs/UTF_16$Decoder done
Event: 0,465 loading class sun/font/FileFontStrike
Event: 0,465 loading class sun/font/FileFontStrike done
Event: 0,466 loading class sun/font/FontScaler
Event: 0,466 loading class sun/font/FontScaler done
Event: 0,466 loading class sun/font/FreetypeFontScaler
Event: 0,466 loading class sun/font/FreetypeFontScaler done


Dynamic libraries:
00400000-00401000 r-xp 00000000 08:01 1193590                            /usr/lib/jvm/java-9-openjdk-amd64/bin/java
00600000-00601000 r--p 00000000 08:01 1193590                            /usr/lib/jvm/java-9-openjdk-amd64/bin/java
00601000-00602000 rw-p 00001000 08:01 1193590                            /usr/lib/jvm/java-9-openjdk-amd64/bin/java
022b5000-022d6000 rw-p 00000000 00:00 0                                  [heap]
85400000-8d000000 rw-p 00000000 00:00 0 
8d000000-100000000 ---p 00000000 00:00 0 
100000000-100160000 rw-p 00000000 00:00 0 
100160000-140000000 ---p 00000000 00:00 0 
7feb68000000-7feb68021000 rw-p 00000000 00:00 0 
7feb68021000-7feb6c000000 ---p 00000000 00:00 0 
7feb6c000000-7feb6c021000 rw-p 00000000 00:00 0 
7feb6c021000-7feb70000000 ---p 00000000 00:00 0 
7feb70000000-7feb70021000 rw-p 00000000 00:00 0 
7feb70021000-7feb74000000 ---p 00000000 00:00 0 
7feb74000000-7feb74021000 rw-p 00000000 00:00 0 
7feb74021000-7feb78000000 ---p 00000000 00:00 0 
7feb7b4c8000-7feb7b4cc000 ---p 00000000 00:00 0 
7feb7b4cc000-7feb7b749000 rw-p 00000000 00:00 0 
7feb7b749000-7feb7b7c9000 ---p 00000000 00:00 0 
7feb7b7c9000-7feb7b7cd000 ---p 00000000 00:00 0 
7feb7b7cd000-7feb7b8ca000 rw-p 00000000 00:00 0 
7feb7b8ca000-7feb7b8cf000 r-xp 00000000 08:01 927193                     /usr/lib/x86_64-linux-gnu/libXfixes.so.3.1.0
7feb7b8cf000-7feb7bace000 ---p 00005000 08:01 927193                     /usr/lib/x86_64-linux-gnu/libXfixes.so.3.1.0
7feb7bace000-7feb7bacf000 r--p 00004000 08:01 927193                     /usr/lib/x86_64-linux-gnu/libXfixes.so.3.1.0
7feb7bacf000-7feb7bad0000 rw-p 00005000 08:01 927193                     /usr/lib/x86_64-linux-gnu/libXfixes.so.3.1.0
7feb7bad0000-7feb7bad9000 r-xp 00000000 08:01 927185                     /usr/lib/x86_64-linux-gnu/libXcursor.so.1.0.2
7feb7bad9000-7feb7bcd8000 ---p 00009000 08:01 927185                     /usr/lib/x86_64-linux-gnu/libXcursor.so.1.0.2
7feb7bcd8000-7feb7bcd9000 r--p 00008000 08:01 927185                     /usr/lib/x86_64-linux-gnu/libXcursor.so.1.0.2
7feb7bcd9000-7feb7bcda000 rw-p 00009000 08:01 927185                     /usr/lib/x86_64-linux-gnu/libXcursor.so.1.0.2
7feb7bcda000-7feb7bcde000 ---p 00000000 00:00 0 
7feb7bcde000-7feb7bddb000 rw-p 00000000 00:00 0 
7feb7bddb000-7feb7bdff000 r-xp 00000000 08:01 4723417                    /lib/x86_64-linux-gnu/libpng12.so.0.54.0
7feb7bdff000-7feb7bffe000 ---p 00024000 08:01 4723417                    /lib/x86_64-linux-gnu/libpng12.so.0.54.0
7feb7bffe000-7feb7bfff000 r--p 00023000 08:01 4723417                    /lib/x86_64-linux-gnu/libpng12.so.0.54.0
7feb7bfff000-7feb7c000000 rw-p 00024000 08:01 4723417                    /lib/x86_64-linux-gnu/libpng12.so.0.54.0
7feb7c000000-7feb7c021000 rw-p 00000000 00:00 0 
7feb7c021000-7feb80000000 ---p 00000000 00:00 0 
7feb80000000-7feb80021000 rw-p 00000000 00:00 0 
7feb80021000-7feb84000000 ---p 00000000 00:00 0 
7feb84000000-7feb84127000 rw-p 00000000 00:00 0 
7feb84127000-7feb88000000 ---p 00000000 00:00 0 
7feb88000000-7feb88021000 rw-p 00000000 00:00 0 
7feb88021000-7feb8c000000 ---p 00000000 00:00 0 
7feb8c000000-7feb8c21f000 rw-p 00000000 00:00 0 
7feb8c21f000-7feb90000000 ---p 00000000 00:00 0 
7feb90000000-7feb901ec000 rw-p 00000000 00:00 0 
7feb901ec000-7feb94000000 ---p 00000000 00:00 0 
7feb94000000-7feb94021000 rw-p 00000000 00:00 0 
7feb94021000-7feb98000000 ---p 00000000 00:00 0 
7feb98000000-7feb98021000 rw-p 00000000 00:00 0 
7feb98021000-7feb9c000000 ---p 00000000 00:00 0 
7feb9c000000-7feb9c021000 rw-p 00000000 00:00 0 
7feb9c021000-7feba0000000 ---p 00000000 00:00 0 
7feba0000000-7feba0021000 rw-p 00000000 00:00 0 
7feba0021000-7feba4000000 ---p 00000000 00:00 0 
7feba4000000-7feba4021000 rw-p 00000000 00:00 0 
7feba4021000-7feba8000000 ---p 00000000 00:00 0 
7feba8000000-7feba8021000 rw-p 00000000 00:00 0 
7feba8021000-7febac000000 ---p 00000000 00:00 0 
7febac0c7000-7febac16b000 r-xp 00000000 08:01 927623                     /usr/lib/x86_64-linux-gnu/libfreetype.so.6.12.1
7febac16b000-7febac36a000 ---p 000a4000 08:01 927623                     /usr/lib/x86_64-linux-gnu/libfreetype.so.6.12.1
7febac36a000-7febac370000 r--p 000a3000 08:01 927623                     /usr/lib/x86_64-linux-gnu/libfreetype.so.6.12.1
7febac370000-7febac371000 rw-p 000a9000 08:01 927623                     /usr/lib/x86_64-linux-gnu/libfreetype.so.6.12.1
7febac371000-7febac437000 r-xp 00000000 08:01 1322871                    /usr/lib/jvm/java-9-openjdk-amd64/lib/amd64/libfontmanager.so
7febac437000-7febac636000 ---p 000c6000 08:01 1322871                    /usr/lib/jvm/java-9-openjdk-amd64/lib/amd64/libfontmanager.so
7febac636000-7febac639000 r--p 000c5000 08:01 1322871                    /usr/lib/jvm/java-9-openjdk-amd64/lib/amd64/libfontmanager.so
7febac639000-7febac63a000 rw-p 000c8000 08:01 1322871                    /usr/lib/jvm/java-9-openjdk-amd64/lib/amd64/libfontmanager.so
7febac63a000-7febac63b000 rw-p 00000000 00:00 0 
7febac63b000-7febac640000 r-xp 00000000 08:01 927189                     /usr/lib/x86_64-linux-gnu/libXdmcp.so.6.0.0
7febac640000-7febac83f000 ---p 00005000 08:01 927189                     /usr/lib/x86_64-linux-gnu/libXdmcp.so.6.0.0
7febac83f000-7febac840000 r--p 00004000 08:01 927189                     /usr/lib/x86_64-linux-gnu/libXdmcp.so.6.0.0
7febac840000-7febac841000 rw-p 00005000 08:01 927189                     /usr/lib/x86_64-linux-gnu/libXdmcp.so.6.0.0
7febac841000-7febac843000 r-xp 00000000 08:01 927178                     /usr/lib/x86_64-linux-gnu/libXau.so.6.0.0
7febac843000-7febaca43000 ---p 00002000 08:01 927178                     /usr/lib/x86_64-linux-gnu/libXau.so.6.0.0
7febaca43000-7febaca44000 r--p 00002000 08:01 927178                     /usr/lib/x86_64-linux-gnu/libXau.so.6.0.0
7febaca44000-7febaca45000 rw-p 00003000 08:01 927178                     /usr/lib/x86_64-linux-gnu/libXau.so.6.0.0
7febaca45000-7febaca66000 r-xp 00000000 08:01 928624                     /usr/lib/x86_64-linux-gnu/libxcb.so.1.1.0
7febaca66000-7febacc65000 ---p 00021000 08:01 928624                     /usr/lib/x86_64-linux-gnu/libxcb.so.1.1.0
7febacc65000-7febacc66000 r--p 00020000 08:01 928624                     /usr/lib/x86_64-linux-gnu/libxcb.so.1.1.0
7febacc66000-7febacc67000 rw-p 00021000 08:01 928624                     /usr/lib/x86_64-linux-gnu/libxcb.so.1.1.0
7febacc67000-7febacc76000 r-xp 00000000 08:01 927199                     /usr/lib/x86_64-linux-gnu/libXi.so.6.1.0
7febacc76000-7febace75000 ---p 0000f000 08:01 927199                     /usr/lib/x86_64-linux-gnu/libXi.so.6.1.0
7febace75000-7febace76000 r--p 0000e000 08:01 927199                     /usr/lib/x86_64-linux-gnu/libXi.so.6.1.0
7febace76000-7febace77000 rw-p 0000f000 08:01 927199                     /usr/lib/x86_64-linux-gnu/libXi.so.6.1.0
7febace77000-7febace7c000 r-xp 00000000 08:01 927217                     /usr/lib/x86_64-linux-gnu/libXtst.so.6.1.0
7febace7c000-7febad07b000 ---p 00005000 08:01 927217                     /usr/lib/x86_64-linux-gnu/libXtst.so.6.1.0
7febad07b000-7febad07c000 r--p 00004000 08:01 927217                     /usr/lib/x86_64-linux-gnu/libXtst.so.6.1.0
7febad07c000-7febad07d000 rw-p 00005000 08:01 927217                     /usr/lib/x86_64-linux-gnu/libXtst.so.6.1.0
7febad07d000-7febad086000 r-xp 00000000 08:01 927211                     /usr/lib/x86_64-linux-gnu/libXrender.so.1.3.0
7febad086000-7febad285000 ---p 00009000 08:01 927211                     /usr/lib/x86_64-linux-gnu/libXrender.so.1.3.0
7febad285000-7febad286000 r--p 00008000 08:01 927211                     /usr/lib/x86_64-linux-gnu/libXrender.so.1.3.0
7febad286000-7febad287000 rw-p 00009000 08:01 927211                     /usr/lib/x86_64-linux-gnu/libXrender.so.1.3.0
7febad287000-7febad3bc000 r-xp 00000000 08:01 927174                     /usr/lib/x86_64-linux-gnu/libX11.so.6.3.0
7febad3bc000-7febad5bc000 ---p 00135000 08:01 927174                     /usr/lib/x86_64-linux-gnu/libX11.so.6.3.0
7febad5bc000-7febad5bd000 r--p 00135000 08:01 927174                     /usr/lib/x86_64-linux-gnu/libX11.so.6.3.0
7febad5bd000-7febad5c1000 rw-p 00136000 08:01 927174                     /usr/lib/x86_64-linux-gnu/libX11.so.6.3.0
7febad5c1000-7febad5d2000 r-xp 00000000 08:01 927191                     /usr/lib/x86_64-linux-gnu/libXext.so.6.4.0
7febad5d2000-7febad7d1000 ---p 00011000 08:01 927191                     /usr/lib/x86_64-linux-gnu/libXext.so.6.4.0
7febad7d1000-7febad7d2000 r--p 00010000 08:01 927191                     /usr/lib/x86_64-linux-gnu/libXext.so.6.4.0
7febad7d2000-7febad7d3000 rw-p 00011000 08:01 927191                     /usr/lib/x86_64-linux-gnu/libXext.so.6.4.0
7febad7d3000-7febad82a000 r-xp 00000000 08:01 1322898                    /usr/lib/jvm/java-9-openjdk-amd64/lib/amd64/libawt_xawt.so
7febad82a000-7febada2a000 ---p 00057000 08:01 1322898                    /usr/lib/jvm/java-9-openjdk-amd64/lib/amd64/libawt_xawt.so
7febada2a000-7febada2b000 r--p 00057000 08:01 1322898                    /usr/lib/jvm/java-9-openjdk-amd64/lib/amd64/libawt_xawt.so
7febada2b000-7febada2e000 rw-p 00058000 08:01 1322898                    /usr/lib/jvm/java-9-openjdk-amd64/lib/amd64/libawt_xawt.so
7febada2e000-7febada2f000 rw-p 00000000 00:00 0 
7febada2f000-7febadacf000 r-xp 00000000 08:01 1322870                    /usr/lib/jvm/java-9-openjdk-amd64/lib/amd64/libawt.so
7febadacf000-7febadcce000 ---p 000a0000 08:01 1322870                    /usr/lib/jvm/java-9-openjdk-amd64/lib/amd64/libawt.so
7febadcce000-7febadccf000 r--p 0009f000 08:01 1322870                    /usr/lib/jvm/java-9-openjdk-amd64/lib/amd64/libawt.so
7febadccf000-7febadcda000 rw-p 000a0000 08:01 1322870                    /usr/lib/jvm/java-9-openjdk-amd64/lib/amd64/libawt.so
7febadcda000-7febb0000000 rw-p 00000000 00:00 0 
7febb0000000-7febb0021000 rw-p 00000000 00:00 0 
7febb0021000-7febb4000000 ---p 00000000 00:00 0 
7febb409e000-7febb409f000 ---p 00000000 00:00 0 
7febb409f000-7febb419f000 rw-p 00000000 00:00 0 
7febb419f000-7febb41a3000 ---p 00000000 00:00 0 
7febb41a3000-7febb4490000 rw-p 00000000 00:00 0 
7febb4490000-7febb6150000 ---p 00000000 00:00 0 
7febb6150000-7febb6340000 rw-p 00000000 00:00 0 
7febb6340000-7febb8000000 ---p 00000000 00:00 0 
7febb8000000-7febb8021000 rw-p 00000000 00:00 0 
7febb8021000-7febbc000000 ---p 00000000 00:00 0 
7febbc000000-7febbc021000 rw-p 00000000 00:00 0 
7febbc021000-7febc0000000 ---p 00000000 00:00 0 
7febc0000000-7febc0021000 rw-p 00000000 00:00 0 
7febc0021000-7febc4000000 ---p 00000000 00:00 0 
7febc4000000-7febc4021000 rw-p 00000000 00:00 0 
7febc4021000-7febc8000000 ---p 00000000 00:00 0 
7febc8000000-7febc8021000 rw-p 00000000 00:00 0 
7febc8021000-7febcc000000 ---p 00000000 00:00 0 
7febcc000000-7febcc021000 rw-p 00000000 00:00 0 
7febcc021000-7febd0000000 ---p 00000000 00:00 0 
7febd0000000-7febd0021000 rw-p 00000000 00:00 0 
7febd0021000-7febd4000000 ---p 00000000 00:00 0 
7febd4000000-7febd4021000 rw-p 00000000 00:00 0 
7febd4021000-7febd8000000 ---p 00000000 00:00 0 
7febd8000000-7febd8021000 rw-p 00000000 00:00 0 
7febd8021000-7febdc000000 ---p 00000000 00:00 0 
7febdc0c8000-7febdc0cc000 ---p 00000000 00:00 0 
7febdc0cc000-7febdc1c9000 rw-p 00000000 00:00 0 
7febdc1c9000-7febdc1df000 r-xp 00000000 08:01 1322872                    /usr/lib/jvm/java-9-openjdk-amd64/lib/amd64/libnet.so
7febdc1df000-7febdc3de000 ---p 00016000 08:01 1322872                    /usr/lib/jvm/java-9-openjdk-amd64/lib/amd64/libnet.so
7febdc3de000-7febdc3df000 r--p 00015000 08:01 1322872                    /usr/lib/jvm/java-9-openjdk-amd64/lib/amd64/libnet.so
7febdc3df000-7febdc3e0000 rw-p 00016000 08:01 1322872                    /usr/lib/jvm/java-9-openjdk-amd64/lib/amd64/libnet.so
7febdc3e0000-7febdc3f1000 r-xp 00000000 08:01 1322899                    /usr/lib/jvm/java-9-openjdk-amd64/lib/amd64/libnio.so
7febdc3f1000-7febdc5f1000 ---p 00011000 08:01 1322899                    /usr/lib/jvm/java-9-openjdk-amd64/lib/amd64/libnio.so
7febdc5f1000-7febdc5f2000 r--p 00011000 08:01 1322899                    /usr/lib/jvm/java-9-openjdk-amd64/lib/amd64/libnio.so
7febdc5f2000-7febdc5f3000 rw-p 00012000 08:01 1322899                    /usr/lib/jvm/java-9-openjdk-amd64/lib/amd64/libnio.so
7febdc5f3000-7febdc5f7000 ---p 00000000 00:00 0 
7febdc5f7000-7febdc6f4000 rw-p 00000000 00:00 0 
7febdc6f4000-7febdc6f8000 ---p 00000000 00:00 0 
7febdc6f8000-7febdc7f5000 rw-p 00000000 00:00 0 
7febdc7f5000-7febdc7f9000 ---p 00000000 00:00 0 
7febdc7f9000-7febdc8f6000 rw-p 00000000 00:00 0 
7febdc8f6000-7febdc8fa000 ---p 00000000 00:00 0 
7febdc8fa000-7febdc9f7000 rw-p 00000000 00:00 0 
7febdc9f7000-7febdc9fb000 ---p 00000000 00:00 0 
7febdc9fb000-7febdcaf8000 rw-p 00000000 00:00 0 
7febdcaf8000-7febdcafc000 ---p 00000000 00:00 0 
7febdcafc000-7febdcbf9000 rw-p 00000000 00:00 0 
7febdcbf9000-7febdd002000 r--p 00000000 08:01 925813                     /usr/lib/locale/locale-archive
7febdd002000-7febdd006000 ---p 00000000 00:00 0 
7febdd006000-7febdd103000 rw-p 00000000 00:00 0 
7febdd103000-7febdd107000 ---p 00000000 00:00 0 
7febdd107000-7febdd204000 rw-p 00000000 00:00 0 
7febdd204000-7febdd205000 ---p 00000000 00:00 0 
7febdd205000-7febddbd6000 rw-p 00000000 00:00 0 
7febddbd6000-7febddc51000 rw-p 00000000 00:00 0 
7febddc51000-7febddec1000 rwxp 00000000 00:00 0 
7febddec1000-7febde1e1000 ---p 00000000 00:00 0 
7febde1e1000-7febde451000 rwxp 00000000 00:00 0 
7febde451000-7febe5719000 ---p 00000000 00:00 0 
7febe5719000-7febe5989000 rwxp 00000000 00:00 0 
7febe5989000-7febecc51000 ---p 00000000 00:00 0 
7febecc51000-7febf4000000 r--s 00000000 08:01 1322856                    /usr/lib/jvm/java-9-openjdk-amd64/lib/modules
7febf4000000-7febf43fa000 rw-p 00000000 00:00 0 
7febf43fa000-7febf8000000 ---p 00000000 00:00 0 
7febf8012000-7febf8587000 rw-p 00000000 00:00 0 
7febf8587000-7febf8588000 ---p 00000000 00:00 0 
7febf8588000-7febf8688000 rw-p 00000000 00:00 0 
7febf8688000-7febf8689000 ---p 00000000 00:00 0 
7febf8689000-7febf87c7000 rw-p 00000000 00:00 0 
7febf87c7000-7febf8b5f000 ---p 00000000 00:00 0 
7febf8b5f000-7febf8b9d000 rw-p 00000000 00:00 0 
7febf8b9d000-7febf930b000 ---p 00000000 00:00 0 
7febf930b000-7febf9349000 rw-p 00000000 00:00 0 
7febf9349000-7febf96e1000 ---p 00000000 00:00 0 
7febf96e1000-7febf96e2000 ---p 00000000 00:00 0 
7febf96e2000-7febf97e2000 rw-p 00000000 00:00 0 
7febf97e2000-7febf97e3000 ---p 00000000 00:00 0 
7febf97e3000-7febf98e3000 rw-p 00000000 00:00 0 
7febf98e3000-7febf98e4000 ---p 00000000 00:00 0 
7febf98e4000-7febf99e4000 rw-p 00000000 00:00 0 
7febf99e4000-7febf99e5000 ---p 00000000 00:00 0 
7febf99e5000-7febf9ae5000 rw-p 00000000 00:00 0 
7febf9ae5000-7febf9ae6000 ---p 00000000 00:00 0 
7febf9ae6000-7febf9fea000 rw-p 00000000 00:00 0 
7febf9fea000-7febf9feb000 ---p 00000000 00:00 0 
7febf9feb000-7febfa0eb000 rw-p 00000000 00:00 0 
7febfa0eb000-7febfa0ec000 ---p 00000000 00:00 0 
7febfa0ec000-7febfa1ec000 rw-p 00000000 00:00 0 
7febfa1ec000-7febfa1ed000 ---p 00000000 00:00 0 
7febfa1ed000-7febfa2ed000 rw-p 00000000 00:00 0 
7febfa2ed000-7febfa2ee000 ---p 00000000 00:00 0 
7febfa2ee000-7febfa3f3000 rw-p 00000000 00:00 0 
7febfa3f3000-7febfa4d9000 ---p 00000000 00:00 0 
7febfa4d9000-7febfa4de000 rw-p 00000000 00:00 0 
7febfa4de000-7febfa5c4000 ---p 00000000 00:00 0 
7febfa5c4000-7febfa5c9000 r-xp 00000000 08:01 1322886                    /usr/lib/jvm/java-9-openjdk-amd64/lib/amd64/libjimage.so
7febfa5c9000-7febfa7c8000 ---p 00005000 08:01 1322886                    /usr/lib/jvm/java-9-openjdk-amd64/lib/amd64/libjimage.so
7febfa7c8000-7febfa7c9000 r--p 00004000 08:01 1322886                    /usr/lib/jvm/java-9-openjdk-amd64/lib/amd64/libjimage.so
7febfa7c9000-7febfa7ca000 rw-p 00005000 08:01 1322886                    /usr/lib/jvm/java-9-openjdk-amd64/lib/amd64/libjimage.so
7febfa7ca000-7febfa7d1000 r-xp 00000000 08:01 1322882                    /usr/lib/jvm/java-9-openjdk-amd64/lib/amd64/libzip.so
7febfa7d1000-7febfa9d0000 ---p 00007000 08:01 1322882                    /usr/lib/jvm/java-9-openjdk-amd64/lib/amd64/libzip.so
7febfa9d0000-7febfa9d1000 r--p 00006000 08:01 1322882                    /usr/lib/jvm/java-9-openjdk-amd64/lib/amd64/libzip.so
7febfa9d1000-7febfa9d2000 rw-p 00007000 08:01 1322882                    /usr/lib/jvm/java-9-openjdk-amd64/lib/amd64/libzip.so
7febfa9d2000-7febfa9dd000 r-xp 00000000 08:01 4723375                    /lib/x86_64-linux-gnu/libnss_files-2.23.so
7febfa9dd000-7febfabdc000 ---p 0000b000 08:01 4723375                    /lib/x86_64-linux-gnu/libnss_files-2.23.so
7febfabdc000-7febfabdd000 r--p 0000a000 08:01 4723375                    /lib/x86_64-linux-gnu/libnss_files-2.23.so
7febfabdd000-7febfabde000 rw-p 0000b000 08:01 4723375                    /lib/x86_64-linux-gnu/libnss_files-2.23.so
7febfabde000-7febfabe4000 rw-p 00000000 00:00 0 
7febfabe4000-7febfabef000 r-xp 00000000 08:01 4723385                    /lib/x86_64-linux-gnu/libnss_nis-2.23.so
7febfabef000-7febfadee000 ---p 0000b000 08:01 4723385                    /lib/x86_64-linux-gnu/libnss_nis-2.23.so
7febfadee000-7febfadef000 r--p 0000a000 08:01 4723385                    /lib/x86_64-linux-gnu/libnss_nis-2.23.so
7febfadef000-7febfadf0000 rw-p 0000b000 08:01 4723385                    /lib/x86_64-linux-gnu/libnss_nis-2.23.so
7febfadf0000-7febfae06000 r-xp 00000000 08:01 4723369                    /lib/x86_64-linux-gnu/libnsl-2.23.so
7febfae06000-7febfb005000 ---p 00016000 08:01 4723369                    /lib/x86_64-linux-gnu/libnsl-2.23.so
7febfb005000-7febfb006000 r--p 00015000 08:01 4723369                    /lib/x86_64-linux-gnu/libnsl-2.23.so
7febfb006000-7febfb007000 rw-p 00016000 08:01 4723369                    /lib/x86_64-linux-gnu/libnsl-2.23.so
7febfb007000-7febfb009000 rw-p 00000000 00:00 0 
7febfb009000-7febfb011000 r-xp 00000000 08:01 4723371                    /lib/x86_64-linux-gnu/libnss_compat-2.23.so
7febfb011000-7febfb210000 ---p 00008000 08:01 4723371                    /lib/x86_64-linux-gnu/libnss_compat-2.23.so
7febfb210000-7febfb211000 r--p 00007000 08:01 4723371                    /lib/x86_64-linux-gnu/libnss_compat-2.23.so
7febfb211000-7febfb212000 rw-p 00008000 08:01 4723371                    /lib/x86_64-linux-gnu/libnss_compat-2.23.so
7febfb212000-7febfb23d000 r-xp 00000000 08:01 1322865                    /usr/lib/jvm/java-9-openjdk-amd64/lib/amd64/libjava.so
7febfb23d000-7febfb43c000 ---p 0002b000 08:01 1322865                    /usr/lib/jvm/java-9-openjdk-amd64/lib/amd64/libjava.so
7febfb43c000-7febfb43d000 r--p 0002a000 08:01 1322865                    /usr/lib/jvm/java-9-openjdk-amd64/lib/amd64/libjava.so
7febfb43d000-7febfb43f000 rw-p 0002b000 08:01 1322865                    /usr/lib/jvm/java-9-openjdk-amd64/lib/amd64/libjava.so
7febfb43f000-7febfb44c000 r-xp 00000000 08:01 1322866                    /usr/lib/jvm/java-9-openjdk-amd64/lib/amd64/libverify.so
7febfb44c000-7febfb64b000 ---p 0000d000 08:01 1322866                    /usr/lib/jvm/java-9-openjdk-amd64/lib/amd64/libverify.so
7febfb64b000-7febfb64d000 r--p 0000c000 08:01 1322866                    /usr/lib/jvm/java-9-openjdk-amd64/lib/amd64/libverify.so
7febfb64d000-7febfb64e000 rw-p 0000e000 08:01 1322866                    /usr/lib/jvm/java-9-openjdk-amd64/lib/amd64/libverify.so
7febfb64e000-7febfb655000 r-xp 00000000 08:01 4723430                    /lib/x86_64-linux-gnu/librt-2.23.so
7febfb655000-7febfb854000 ---p 00007000 08:01 4723430                    /lib/x86_64-linux-gnu/librt-2.23.so
7febfb854000-7febfb855000 r--p 00006000 08:01 4723430                    /lib/x86_64-linux-gnu/librt-2.23.so
7febfb855000-7febfb856000 rw-p 00007000 08:01 4723430                    /lib/x86_64-linux-gnu/librt-2.23.so
7febfb856000-7febfb86c000 r-xp 00000000 08:01 4723314                    /lib/x86_64-linux-gnu/libgcc_s.so.1
7febfb86c000-7febfba6b000 ---p 00016000 08:01 4723314                    /lib/x86_64-linux-gnu/libgcc_s.so.1
7febfba6b000-7febfba6c000 rw-p 00015000 08:01 4723314                    /lib/x86_64-linux-gnu/libgcc_s.so.1
7febfba6c000-7febfbb74000 r-xp 00000000 08:01 4723346                    /lib/x86_64-linux-gnu/libm-2.23.so
7febfbb74000-7febfbd73000 ---p 00108000 08:01 4723346                    /lib/x86_64-linux-gnu/libm-2.23.so
7febfbd73000-7febfbd74000 r--p 00107000 08:01 4723346                    /lib/x86_64-linux-gnu/libm-2.23.so
7febfbd74000-7febfbd75000 rw-p 00108000 08:01 4723346                    /lib/x86_64-linux-gnu/libm-2.23.so
7febfbd75000-7febfbee7000 r-xp 00000000 08:01 928405                     /usr/lib/x86_64-linux-gnu/libstdc++.so.6.0.21
7febfbee7000-7febfc0e7000 ---p 00172000 08:01 928405                     /usr/lib/x86_64-linux-gnu/libstdc++.so.6.0.21
7febfc0e7000-7febfc0f1000 r--p 00172000 08:01 928405                     /usr/lib/x86_64-linux-gnu/libstdc++.so.6.0.21
7febfc0f1000-7febfc0f3000 rw-p 0017c000 08:01 928405                     /usr/lib/x86_64-linux-gnu/libstdc++.so.6.0.21
7febfc0f3000-7febfc0f7000 rw-p 00000000 00:00 0 
7febfc0f7000-7febfcf55000 r-xp 00000000 08:01 1322879                    /usr/lib/jvm/java-9-openjdk-amd64/lib/amd64/server/libjvm.so
7febfcf55000-7febfd155000 ---p 00e5e000 08:01 1322879                    /usr/lib/jvm/java-9-openjdk-amd64/lib/amd64/server/libjvm.so
7febfd155000-7febfd207000 r--p 00e5e000 08:01 1322879                    /usr/lib/jvm/java-9-openjdk-amd64/lib/amd64/server/libjvm.so
7febfd207000-7febfd239000 rw-p 00f10000 08:01 1322879                    /usr/lib/jvm/java-9-openjdk-amd64/lib/amd64/server/libjvm.so
7febfd239000-7febfd27e000 rw-p 00000000 00:00 0 
7febfd27e000-7febfd296000 r-xp 00000000 08:01 4723422                    /lib/x86_64-linux-gnu/libpthread-2.23.so
7febfd296000-7febfd495000 ---p 00018000 08:01 4723422                    /lib/x86_64-linux-gnu/libpthread-2.23.so
7febfd495000-7febfd496000 r--p 00017000 08:01 4723422                    /lib/x86_64-linux-gnu/libpthread-2.23.so
7febfd496000-7febfd497000 rw-p 00018000 08:01 4723422                    /lib/x86_64-linux-gnu/libpthread-2.23.so
7febfd497000-7febfd49b000 rw-p 00000000 00:00 0 
7febfd49b000-7febfd49e000 r-xp 00000000 08:01 4723300                    /lib/x86_64-linux-gnu/libdl-2.23.so
7febfd49e000-7febfd69d000 ---p 00003000 08:01 4723300                    /lib/x86_64-linux-gnu/libdl-2.23.so
7febfd69d000-7febfd69e000 r--p 00002000 08:01 4723300                    /lib/x86_64-linux-gnu/libdl-2.23.so
7febfd69e000-7febfd69f000 rw-p 00003000 08:01 4723300                    /lib/x86_64-linux-gnu/libdl-2.23.so
7febfd69f000-7febfd6b8000 r-xp 00000000 08:01 4723467                    /lib/x86_64-linux-gnu/libz.so.1.2.8
7febfd6b8000-7febfd8b7000 ---p 00019000 08:01 4723467                    /lib/x86_64-linux-gnu/libz.so.1.2.8
7febfd8b7000-7febfd8b8000 r--p 00018000 08:01 4723467                    /lib/x86_64-linux-gnu/libz.so.1.2.8
7febfd8b8000-7febfd8b9000 rw-p 00019000 08:01 4723467                    /lib/x86_64-linux-gnu/libz.so.1.2.8
7febfd8b9000-7febfda78000 r-xp 00000000 08:01 4723276                    /lib/x86_64-linux-gnu/libc-2.23.so
7febfda78000-7febfdc78000 ---p 001bf000 08:01 4723276                    /lib/x86_64-linux-gnu/libc-2.23.so
7febfdc78000-7febfdc7c000 r--p 001bf000 08:01 4723276                    /lib/x86_64-linux-gnu/libc-2.23.so
7febfdc7c000-7febfdc7e000 rw-p 001c3000 08:01 4723276                    /lib/x86_64-linux-gnu/libc-2.23.so
7febfdc7e000-7febfdc82000 rw-p 00000000 00:00 0 
7febfdc82000-7febfdc90000 r-xp 00000000 08:01 1322896                    /usr/lib/jvm/java-9-openjdk-amd64/lib/amd64/jli/libjli.so
7febfdc90000-7febfde8f000 ---p 0000e000 08:01 1322896                    /usr/lib/jvm/java-9-openjdk-amd64/lib/amd64/jli/libjli.so
7febfde8f000-7febfde90000 r--p 0000d000 08:01 1322896                    /usr/lib/jvm/java-9-openjdk-amd64/lib/amd64/jli/libjli.so
7febfde90000-7febfde91000 rw-p 0000e000 08:01 1322896                    /usr/lib/jvm/java-9-openjdk-amd64/lib/amd64/jli/libjli.so
7febfde91000-7febfdeb7000 r-xp 00000000 08:01 4723248                    /lib/x86_64-linux-gnu/ld-2.23.so
7febfdee1000-7febfdf84000 rw-p 00000000 00:00 0 
7febfdf84000-7febfdf88000 ---p 00000000 00:00 0 
7febfdf88000-7febfe08a000 rw-p 00000000 00:00 0 
7febfe09e000-7febfe0a3000 rw-p 00000000 00:00 0 
7febfe0a3000-7febfe0aa000 ---p 00000000 00:00 0 
7febfe0aa000-7febfe0b2000 rw-s 00000000 08:01 4996535                    /tmp/hsperfdata_michal/8297
7febfe0b2000-7febfe0b3000 rw-p 00000000 00:00 0 
7febfe0b3000-7febfe0b4000 r--p 00000000 00:00 0 
7febfe0b4000-7febfe0b6000 rw-p 00000000 00:00 0 
7febfe0b6000-7febfe0b7000 r--p 00025000 08:01 4723248                    /lib/x86_64-linux-gnu/ld-2.23.so
7febfe0b7000-7febfe0b8000 rw-p 00026000 08:01 4723248                    /lib/x86_64-linux-gnu/ld-2.23.so
7febfe0b8000-7febfe0b9000 rw-p 00000000 00:00 0 
7ffe9279e000-7ffe927bf000 rw-p 00000000 00:00 0                          [stack]
7ffe927cc000-7ffe927ce000 r--p 00000000 00:00 0                          [vvar]
7ffe927ce000-7ffe927d0000 r-xp 00000000 00:00 0                          [vdso]
ffffffffff600000-ffffffffff601000 r-xp 00000000 00:00 0                  [vsyscall]

VM Arguments:
java_command: zad
java_class_path (initial): .
Launcher Type: SUN_STANDARD

Environment Variables:
PATH=/home/michal/.local/share/umake/bin:/home/michal/bin:/home/michal/.local/bin:/usr/local/sbin:/usr/local/bin:/usr/sbin:/usr/bin:/sbin:/bin:/usr/games:/usr/local/games
USERNAME=michal
SHELL=/usr/bin/zsh
DISPLAY=:0

Signal Handlers:
SIGSEGV: [libjvm.so+0xc12c20], sa_mask[0]=11111111011111111101111111111110, sa_flags=SA_RESTART|SA_SIGINFO
SIGBUS: [libjvm.so+0xc12c20], sa_mask[0]=11111111011111111101111111111110, sa_flags=SA_RESTART|SA_SIGINFO
SIGFPE: [libjvm.so+0xc12c20], sa_mask[0]=11111111011111111101111111111110, sa_flags=SA_RESTART|SA_SIGINFO
SIGPIPE: [libjvm.so+0xa3b600], sa_mask[0]=11111111011111111101111111111110, sa_flags=SA_RESTART|SA_SIGINFO
SIGXFSZ: [libjvm.so+0xa3b600], sa_mask[0]=11111111011111111101111111111110, sa_flags=SA_RESTART|SA_SIGINFO
SIGILL: [libjvm.so+0xc12c20], sa_mask[0]=11111111011111111101111111111110, sa_flags=SA_RESTART|SA_SIGINFO
SIGUSR2: [libjvm.so+0xa3b4a0], sa_mask[0]=00000000000000000000000000000000, sa_flags=SA_RESTART|SA_SIGINFO
SIGHUP: [libjvm.so+0xa3b870], sa_mask[0]=11111111011111111101111111111110, sa_flags=SA_RESTART|SA_SIGINFO
SIGINT: [libjvm.so+0xa3b870], sa_mask[0]=11111111011111111101111111111110, sa_flags=SA_RESTART|SA_SIGINFO
SIGTERM: [libjvm.so+0xa3b870], sa_mask[0]=11111111011111111101111111111110, sa_flags=SA_RESTART|SA_SIGINFO
SIGQUIT: [libjvm.so+0xa3b870], sa_mask[0]=11111111011111111101111111111110, sa_flags=SA_RESTART|SA_SIGINFO


---------------  S Y S T E M  ---------------

OS:DISTRIB_ID=LinuxMint
DISTRIB_RELEASE=18.1
DISTRIB_CODENAME=serena
DISTRIB_DESCRIPTION="Linux Mint 18.1 Serena"
uname:Linux 4.4.0-64-generic #85-Ubuntu SMP Mon Feb 20 11:50:30 UTC 2017 x86_64
libc:glibc 2.23 NPTL 2.23 
rlimit: STACK 8192k, CORE 0k, NPROC 31243, NOFILE 65536, AS infinity
load average:0,07 0,34 0,42

/proc/meminfo:
MemTotal:        8040644 kB
MemFree:         4847248 kB
MemAvailable:    6266160 kB
Buffers:          234268 kB
Cached:          1589268 kB
SwapCached:            0 kB
Active:          1916616 kB
Inactive:         969460 kB
Active(anon):    1066408 kB
Inactive(anon):   270320 kB
Active(file):     850208 kB
Inactive(file):   699140 kB
Unevictable:          32 kB
Mlocked:              32 kB
SwapTotal:       8252412 kB
SwapFree:        8252412 kB
Dirty:               100 kB
Writeback:             0 kB
AnonPages:       1062636 kB
Mapped:           514924 kB
Shmem:            274188 kB
Slab:             210684 kB
SReclaimable:     175484 kB
SUnreclaim:        35200 kB
KernelStack:        9408 kB
PageTables:        39324 kB
NFS_Unstable:          0 kB
Bounce:                0 kB
WritebackTmp:          0 kB
CommitLimit:    12272732 kB
Committed_AS:    4593084 kB
VmallocTotal:   34359738367 kB
VmallocUsed:           0 kB
VmallocChunk:          0 kB
HardwareCorrupted:     0 kB
AnonHugePages:    325632 kB
CmaTotal:              0 kB
CmaFree:               0 kB
HugePages_Total:       0
HugePages_Free:        0
HugePages_Rsvd:        0
HugePages_Surp:        0
Hugepagesize:       2048 kB
DirectMap4k:      126200 kB
DirectMap2M:     8128512 kB


CPU:total 4 (2 cores per cpu, 2 threads per core) family 6 model 58 stepping 9, cmov, cx8, fxsr, mmx, sse, sse2, sse3, ssse3, sse4.1, sse4.2, popcnt, avx, clmul, erms, ht, tsc, tscinvbit, tscinv

CPU Model and flags from /proc/cpuinfo:
model name	: Intel(R) Core(TM) i3-3110M CPU @ 2.40GHz
flags		: fpu vme de pse tsc msr pae mce cx8 apic sep mtrr pge mca cmov pat pse36 clflush dts acpi mmx fxsr sse sse2 ss ht tm pbe syscall nx rdtscp lm constant_tsc arch_perfmon pebs bts rep_good nopl xtopology nonstop_tsc aperfmperf eagerfpu pni pclmulqdq dtes64 monitor ds_cpl vmx est tm2 ssse3 cx16 xtpr pdcm pcid sse4_1 sse4_2 x2apic popcnt tsc_deadline_timer xsave avx f16c lahf_lm epb tpr_shadow vnmi flexpriority ept vpid fsgsbase smep erms xsaveopt dtherm arat pln pts

Memory: 4k page, physical 8040644k(4847248k free), swap 8252412k(8252412k free)

vm_info: OpenJDK 64-Bit Server VM (9-internal+0-2016-04-14-195246.buildd.src) for linux-amd64 JRE (9-internal+0-2016-04-14-195246.buildd.src), built on Apr 14 2016 20:05:37 by "buildd" with gcc 5.3.1 20160413

END.
